<?xml version="1.0" encoding="UTF-8"?>
<!-- Generated by org.testng.reporters.JUnitReportReporter -->
<testsuite hostname="DESKTOP-P1ITVBJ" failures="0" tests="2" name="testNGclasses.Login" time="15.886" errors="0" timestamp="2020-10-04T15:49:08 PDT" skipped="0">
  <testcase classname="testNGclasses.Login" name="verifyTitle" time="0.035"/>
  <system-out/>
  <testcase classname="testNGclasses.Login" name="loginpage1" time="15.851"/>
  <system-out/>
</testsuite> <!-- testNGclasses.Login -->
