<?xml version="1.0" encoding="UTF-8"?>
<!-- Generated by org.testng.reporters.JUnitReportReporter -->
<testsuite hostname="DESKTOP-P1ITVBJ" failures="0" tests="2" name="testNGclasses.Login" time="19.392" errors="0" timestamp="2020-10-06T22:23:55 PDT" skipped="0">
  <testcase classname="testNGclasses.Login" name="verifyTitle" time="0.058"/>
  <system-out/>
  <testcase classname="testNGclasses.Login" name="loginpage1" time="19.334"/>
  <system-out/>
</testsuite> <!-- testNGclasses.Login -->
