<?xml version="1.0" encoding="UTF-8"?>
<!-- Generated by org.testng.reporters.JUnitReportReporter -->
<testsuite hostname="DESKTOP-P1ITVBJ" failures="0" tests="3" name="testNGclasses.ViewandUpdateBranch" time="51.517" errors="0" timestamp="2020-10-04T22:41:04 PDT" skipped="0">
  <testcase classname="testNGclasses.ViewandUpdateBranch" name="loginpage1" time="16.859"/>
  <system-out/>
  <testcase classname="testNGclasses.ViewandUpdateBranch" name="viewBranch" time="18.316"/>
  <system-out/>
  <testcase classname="testNGclasses.ViewandUpdateBranch" name="UpdateBranch" time="16.342"/>
  <system-out/>
</testsuite> <!-- testNGclasses.ViewandUpdateBranch -->
