<?xml version="1.0" encoding="UTF-8"?>
<!-- Generated by org.testng.reporters.JUnitReportReporter -->
<testsuite hostname="DESKTOP-P1ITVBJ" failures="0" tests="2" name="testNGclasses.Branchclass" time="50.763" errors="0" timestamp="2020-10-04T16:44:30 PDT" skipped="0">
  <testcase classname="testNGclasses.Branchclass" name="loginpage1" time="17.122"/>
  <system-out/>
  <testcase classname="testNGclasses.Branchclass" name="createBranch" time="33.641"/>
  <system-out/>
</testsuite> <!-- testNGclasses.Branchclass -->
