<?xml version="1.0" encoding="UTF-8"?>
<!-- Generated by org.testng.reporters.JUnitReportReporter -->
<testsuite hostname="DESKTOP-P1ITVBJ" failures="0" tests="2" name="testNGclasses.Company" time="54.287" errors="0" timestamp="2020-10-04T16:15:06 PDT" skipped="0">
  <testcase classname="testNGclasses.Company" name="loginpage1" time="17.037"/>
  <system-out/>
  <testcase classname="testNGclasses.Company" name="company1" time="37.250"/>
  <system-out/>
</testsuite> <!-- testNGclasses.Company -->
