<?xml version="1.0" encoding="UTF-8"?>
<!-- Generated by org.testng.reporters.JUnitReportReporter -->
<testsuite hostname="DESKTOP-P1ITVBJ" failures="0" tests="2" name="testNGclasses.Company" time="57.879" errors="0" timestamp="2020-10-05T22:46:05 PDT" skipped="0">
  <testcase classname="testNGclasses.Company" name="loginpage1" time="19.049"/>
  <system-out/>
  <testcase classname="testNGclasses.Company" name="company1" time="38.830"/>
  <system-out/>
</testsuite> <!-- testNGclasses.Company -->
